0 info it worked if it ends with ok
1 verbose cli [ '/usr/local/Cellar/node/7.1.0/bin/node',
1 verbose cli   '/usr/local/bin/npm',
1 verbose cli   'run',
1 verbose cli   'dev' ]
2 info using npm@3.10.9
3 info using node@v7.1.0
4 verbose run-script [ 'predev', 'dev', 'postdev' ]
5 info lifecycle typereact@0.1.0~predev: typereact@0.1.0
6 silly lifecycle typereact@0.1.0~predev: no script for predev, continuing
7 info lifecycle typereact@0.1.0~dev: typereact@0.1.0
8 verbose lifecycle typereact@0.1.0~dev: unsafe-perm in lifecycle true
9 verbose lifecycle typereact@0.1.0~dev: PATH: /usr/local/lib/node_modules/npm/bin/node-gyp-bin:/Users/damien/go/src/github.com/blinkanalytics/typereact/node_modules/.bin:/usr/local/Cellar/node/7.1.0/bin:/usr/local/lib/python3.5/site-packages:/Library/Frameworks/Python.framework/Versions/3.5/bin:/Users/damien/gcloud/go_appengine:/Users/damien/go/bin:/Users/damien/scripts:/usr/local/sbin:/usr/local/bin:/usr/bin:/bin:/usr/sbin:/sbin:/opt/X11/bin:/usr/local/go/bin:/Applications/Postgres.app/Contents/Versions/latest/bin
10 verbose lifecycle typereact@0.1.0~dev: CWD: /Users/damien/go/src/github.com/blinkanalytics/typereact
11 silly lifecycle typereact@0.1.0~dev: Args: [ '-c',
11 silly lifecycle   'npm i && npm link webpack && webpack && cd server && go get github.com/blinkanalytics/fresh && fresh -c ./dev.conf' ]
12 silly lifecycle typereact@0.1.0~dev: Returned: code: 2  signal: null
13 info lifecycle typereact@0.1.0~dev: Failed to exec dev script
14 verbose stack Error: typereact@0.1.0 dev: `npm i && npm link webpack && webpack && cd server && go get github.com/blinkanalytics/fresh && fresh -c ./dev.conf`
14 verbose stack Exit status 2
14 verbose stack     at EventEmitter.<anonymous> (/usr/local/lib/node_modules/npm/lib/utils/lifecycle.js:255:16)
14 verbose stack     at emitTwo (events.js:106:13)
14 verbose stack     at EventEmitter.emit (events.js:191:7)
14 verbose stack     at ChildProcess.<anonymous> (/usr/local/lib/node_modules/npm/lib/utils/spawn.js:40:14)
14 verbose stack     at emitTwo (events.js:106:13)
14 verbose stack     at ChildProcess.emit (events.js:191:7)
14 verbose stack     at maybeClose (internal/child_process.js:885:16)
14 verbose stack     at Process.ChildProcess._handle.onexit (internal/child_process.js:226:5)
15 verbose pkgid typereact@0.1.0
16 verbose cwd /Users/damien/go/src/github.com/blinkanalytics/typereact
17 error Darwin 16.1.0
18 error argv "/usr/local/Cellar/node/7.1.0/bin/node" "/usr/local/bin/npm" "run" "dev"
19 error node v7.1.0
20 error npm  v3.10.9
21 error code ELIFECYCLE
22 error typereact@0.1.0 dev: `npm i && npm link webpack && webpack && cd server && go get github.com/blinkanalytics/fresh && fresh -c ./dev.conf`
22 error Exit status 2
23 error Failed at the typereact@0.1.0 dev script 'npm i && npm link webpack && webpack && cd server && go get github.com/blinkanalytics/fresh && fresh -c ./dev.conf'.
23 error Make sure you have the latest version of node.js and npm installed.
23 error If you do, this is most likely a problem with the typereact package,
23 error not with npm itself.
23 error Tell the author that this fails on your system:
23 error     npm i && npm link webpack && webpack && cd server && go get github.com/blinkanalytics/fresh && fresh -c ./dev.conf
23 error You can get information on how to open an issue for this project with:
23 error     npm bugs typereact
23 error Or if that isn't available, you can get their info via:
23 error     npm owner ls typereact
23 error There is likely additional logging output above.
24 verbose exit [ 1, true ]
